Vivado Simulator 2015.2
Copyright 1986-1999, 2001-2015 Xilinx, Inc. All Rights Reserved.
Running: E:/Vivado/Vivado/2015.2/bin/unwrapped/win64.o/xelab.exe -wto b456ca0cdd004b6089fa32e7f4104d12 --debug typical --relax --mt 2 --maxdelay -L xil_defaultlib -L simprims_ver -L secureip --snapshot test_time_synth -transport_int_delays -pulse_r 0 -pulse_int_r 0 xil_defaultlib.test xil_defaultlib.glbl -log elaborate.log 
Using 2 slave threads.
Starting static elaboration
Completed static elaboration
Starting simulation data flow analysis
Completed simulation data flow analysis
INFO: [XSIM 43-3451] SDF backannotation process started with SDF file "test_time_synth.sdf", for root module "test/pip_test".
INFO: [XSIM 43-3452] SDF backannotation was successful for SDF file "test_time_synth.sdf", for root module "test/pip_test".
Time Resolution for simulation is 1ps
Compiling module simprims_ver.BUFG
Compiling module simprims_ver.IBUF
Compiling module simprims_ver.OBUF
Compiling module simprims_ver.sffsrce_fdre
Compiling module simprims_ver.FDRE
Compiling module xil_defaultlib.pipe3b
Compiling module xil_defaultlib.pipe3b_OK
Compiling module xil_defaultlib.test
Compiling module xil_defaultlib.glbl
Waiting for 2 sub-compilation(s) to finish...
Built simulation snapshot test_time_synth
