Copyright 1986-2015 Xilinx, Inc. All Rights Reserved.
--------------------------------------------------------------------------------------------
| Tool Version : Vivado v.2015.2 (win64) Build 1266856 Fri Jun 26 16:35:25 MDT 2015
| Date         : Tue Jun 12 21:05:56 2018
| Host         : DESKTOP-BLPUINO running 64-bit major release  (build 9200)
| Command      : report_control_sets -verbose -file Module8_Counter_control_sets_placed.rpt
| Design       : Module8_Counter
| Device       : xc7a100t
--------------------------------------------------------------------------------------------

Control Set Information

Table of Contents
-----------------
1. Summary
2. Flip-Flop Distribution
3. Detailed Control Set Information

1. Summary
----------

+-------------------------------------------------------------------+-------+
|                               Status                              | Count |
+-------------------------------------------------------------------+-------+
| Number of unique control sets                                     |     3 |
| Minimum Number of register sites lost to control set restrictions |    12 |
+-------------------------------------------------------------------+-------+


2. Flip-Flop Distribution
-------------------------

+--------------+-----------------------+------------------------+-----------------+--------------+
| Clock Enable | Synchronous Set/Reset | Asynchronous Set/Reset | Total Registers | Total Slices |
+--------------+-----------------------+------------------------+-----------------+--------------+
| No           | No                    | No                     |               2 |            1 |
| No           | No                    | Yes                    |               3 |            1 |
| No           | Yes                   | No                     |              31 |            8 |
| Yes          | No                    | No                     |               0 |            0 |
| Yes          | No                    | Yes                    |               0 |            0 |
| Yes          | Yes                   | No                     |               0 |            0 |
+--------------+-----------------------+------------------------+-----------------+--------------+


3. Detailed Control Set Information
-----------------------------------

+---------------+---------------+------------------+------------------+----------------+
|  Clock Signal | Enable Signal | Set/Reset Signal | Slice Load Count | Bel Load Count |
+---------------+---------------+------------------+------------------+----------------+
|  CP_IBUF_BUFG |               |                  |                1 |              2 |
|  DIV/CLK_N    |               | CLR_IBUF         |                1 |              3 |
|  CP_IBUF_BUFG |               | DIV/CLK_N_0      |                8 |             31 |
+---------------+---------------+------------------+------------------+----------------+


