
*** Running vivado
    with args -log Counter.vdi -applog -m64 -messageDb vivado.pb -mode batch -source Counter.tcl -notrace

WARNING: Default location for XILINX_VIVADO_HLS not found: 

****** Vivado v2015.2 (64-bit)
  **** SW Build 1266856 on Fri Jun 26 16:35:25 MDT 2015
  **** IP Build 1264090 on Wed Jun 24 14:22:01 MDT 2015
    ** Copyright 1986-2015 Xilinx, Inc. All Rights Reserved.

source Counter.tcl -notrace
Design is defaulting to srcset: sources_1
Design is defaulting to constrset: constrs_1
INFO: [Netlist 29-17] Analyzing 8 Unisim elements for replacement
INFO: [Netlist 29-28] Unisim Transformation completed in 0 CPU seconds
INFO: [Project 1-479] Netlist was created with Vivado 2015.2
INFO: [Device 21-403] Loading part xc7a100tcsg324-1
INFO: [Project 1-570] Preparing netlist for logic optimization
Parsing XDC File [C:/Users/Administor/Desktop/Logical/M2-1/M2-1.srcs/constrs_1/new/M2-1.xdc]
CRITICAL WARNING: [Vivado 12-1411] Cannot set LOC property of ports, Instance LD_IBUF_inst can not be placed in INBUF_EN of site IOB_X0Y114 because the bel is occupied by CP_IBUF_inst. This could be caused by bel constraint conflict [C:/Users/Administor/Desktop/Logical/M2-1/M2-1.srcs/constrs_1/new/M2-1.xdc:13]
Resolution: Verify the location constraints for differential ports are correctly specified in your constraints. The Site type should be of form: IO_LxxP for P-side, and IO_LxxN for N-side (Neg Diff Pair) 
CRITICAL WARNING: [Vivado 12-1411] Cannot set LOC property of ports, Instance M_IBUF_inst can not be placed in INBUF_EN of site IOB_X0Y114 because the bel is occupied by CP_IBUF_inst. This could be caused by bel constraint conflict [C:/Users/Administor/Desktop/Logical/M2-1/M2-1.srcs/constrs_1/new/M2-1.xdc:17]
Resolution: Verify the location constraints for differential ports are correctly specified in your constraints. The Site type should be of form: IO_LxxP for P-side, and IO_LxxN for N-side (Neg Diff Pair) 
CRITICAL WARNING: [Vivado 12-1411] Cannot set LOC property of ports, Instance D3_IBUF_inst can not be placed in INBUF_EN of site IOB_X0Y114 because the bel is occupied by CP_IBUF_inst. This could be caused by bel constraint conflict [C:/Users/Administor/Desktop/Logical/M2-1/M2-1.srcs/constrs_1/new/M2-1.xdc:21]
Resolution: Verify the location constraints for differential ports are correctly specified in your constraints. The Site type should be of form: IO_LxxP for P-side, and IO_LxxN for N-side (Neg Diff Pair) 
CRITICAL WARNING: [Vivado 12-1411] Cannot set LOC property of ports, Instance D2_IBUF_inst can not be placed in INBUF_EN of site IOB_X0Y114 because the bel is occupied by CP_IBUF_inst. This could be caused by bel constraint conflict [C:/Users/Administor/Desktop/Logical/M2-1/M2-1.srcs/constrs_1/new/M2-1.xdc:23]
Resolution: Verify the location constraints for differential ports are correctly specified in your constraints. The Site type should be of form: IO_LxxP for P-side, and IO_LxxN for N-side (Neg Diff Pair) 
CRITICAL WARNING: [Vivado 12-1411] Cannot set LOC property of ports, Instance D1_IBUF_inst can not be placed in INBUF_EN of site IOB_X0Y114 because the bel is occupied by CP_IBUF_inst. This could be caused by bel constraint conflict [C:/Users/Administor/Desktop/Logical/M2-1/M2-1.srcs/constrs_1/new/M2-1.xdc:25]
Resolution: Verify the location constraints for differential ports are correctly specified in your constraints. The Site type should be of form: IO_LxxP for P-side, and IO_LxxN for N-side (Neg Diff Pair) 
CRITICAL WARNING: [Vivado 12-1411] Cannot set LOC property of ports, Instance D0_IBUF_inst can not be placed in INBUF_EN of site IOB_X0Y114 because the bel is occupied by CP_IBUF_inst. This could be caused by bel constraint conflict [C:/Users/Administor/Desktop/Logical/M2-1/M2-1.srcs/constrs_1/new/M2-1.xdc:27]
Resolution: Verify the location constraints for differential ports are correctly specified in your constraints. The Site type should be of form: IO_LxxP for P-side, and IO_LxxN for N-side (Neg Diff Pair) 
CRITICAL WARNING: [Vivado 12-1411] Cannot set LOC property of ports, Terminal Q3 cannot be placed on H17 (IOB_X0Y114) because the pad is already occupied by terminal CP possibly due to user constraint [C:/Users/Administor/Desktop/Logical/M2-1/M2-1.srcs/constrs_1/new/M2-1.xdc:30]
Resolution: Verify the location constraints for differential ports are correctly specified in your constraints. The Site type should be of form: IO_LxxP for P-side, and IO_LxxN for N-side (Neg Diff Pair) 
CRITICAL WARNING: [Vivado 12-1411] Cannot set LOC property of ports, Terminal Q2 cannot be placed on H17 (IOB_X0Y114) because the pad is already occupied by terminal CP possibly due to user constraint [C:/Users/Administor/Desktop/Logical/M2-1/M2-1.srcs/constrs_1/new/M2-1.xdc:32]
Resolution: Verify the location constraints for differential ports are correctly specified in your constraints. The Site type should be of form: IO_LxxP for P-side, and IO_LxxN for N-side (Neg Diff Pair) 
CRITICAL WARNING: [Vivado 12-1411] Cannot set LOC property of ports, Terminal Q1 cannot be placed on H17 (IOB_X0Y114) because the pad is already occupied by terminal CP possibly due to user constraint [C:/Users/Administor/Desktop/Logical/M2-1/M2-1.srcs/constrs_1/new/M2-1.xdc:34]
Resolution: Verify the location constraints for differential ports are correctly specified in your constraints. The Site type should be of form: IO_LxxP for P-side, and IO_LxxN for N-side (Neg Diff Pair) 
CRITICAL WARNING: [Vivado 12-1411] Cannot set LOC property of ports, Terminal Q0 cannot be placed on H17 (IOB_X0Y114) because the pad is already occupied by terminal CP possibly due to user constraint [C:/Users/Administor/Desktop/Logical/M2-1/M2-1.srcs/constrs_1/new/M2-1.xdc:36]
Resolution: Verify the location constraints for differential ports are correctly specified in your constraints. The Site type should be of form: IO_LxxP for P-side, and IO_LxxN for N-side (Neg Diff Pair) 
CRITICAL WARNING: [Vivado 12-1411] Cannot set LOC property of ports, Terminal Qcc cannot be placed on H17 (IOB_X0Y114) because the pad is already occupied by terminal CP possibly due to user constraint [C:/Users/Administor/Desktop/Logical/M2-1/M2-1.srcs/constrs_1/new/M2-1.xdc:40]
Resolution: Verify the location constraints for differential ports are correctly specified in your constraints. The Site type should be of form: IO_LxxP for P-side, and IO_LxxN for N-side (Neg Diff Pair) 
Finished Parsing XDC File [C:/Users/Administor/Desktop/Logical/M2-1/M2-1.srcs/constrs_1/new/M2-1.xdc]
INFO: [Opt 31-138] Pushed 0 inverter(s) to 0 load pin(s).
INFO: [Project 1-111] Unisim Transformation Summary:
No Unisim elements were transformed.

link_design: Time (s): cpu = 00:00:07 ; elapsed = 00:00:08 . Memory (MB): peak = 473.008 ; gain = 256.871
Command: opt_design
Attempting to get a license for feature 'Implementation' and/or device 'xc7a100t'
INFO: [Common 17-349] Got license for feature 'Implementation' and/or device 'xc7a100t'
Running DRC as a precondition to command opt_design

Starting DRC Task
INFO: [DRC 23-27] Running DRC with 2 threads
INFO: [Project 1-461] DRC finished with 0 Errors
INFO: [Project 1-462] Please refer to the DRC report (report_drc) for more information.

Time (s): cpu = 00:00:00 ; elapsed = 00:00:00.187 . Memory (MB): peak = 476.227 ; gain = 3.219
INFO: [Timing 38-35] Done setting XDC timing constraints.

Starting Logic Optimization Task

Phase 1 Retarget

INFO: [Opt 31-138] Pushed 0 inverter(s) to 0 load pin(s).
INFO: [Opt 31-49] Retargeted 0 cell(s).
Phase 1 Retarget | Checksum: 7f4fdbd9

Time (s): cpu = 00:00:00 ; elapsed = 00:00:00.023 . Memory (MB): peak = 930.965 ; gain = 0.000

Phase 2 Constant Propagation
INFO: [Opt 31-138] Pushed 0 inverter(s) to 0 load pin(s).
INFO: [Opt 31-10] Eliminated 11 cells.
Phase 2 Constant Propagation | Checksum: 11cada06f

Time (s): cpu = 00:00:00 ; elapsed = 00:00:00.057 . Memory (MB): peak = 930.965 ; gain = 0.000

Phase 3 Sweep
INFO: [Opt 31-12] Eliminated 23 unconnected nets.
INFO: [Opt 31-140] Inserted 2 IBUFs to IO ports without IO buffers.
INFO: [Opt 31-11] Eliminated 17 unconnected cells.
Phase 3 Sweep | Checksum: 184350e50

Time (s): cpu = 00:00:00 ; elapsed = 00:00:00.079 . Memory (MB): peak = 930.965 ; gain = 0.000

Starting Connectivity Check Task

Time (s): cpu = 00:00:00 ; elapsed = 00:00:00 . Memory (MB): peak = 930.965 ; gain = 0.000
Ending Logic Optimization Task | Checksum: 184350e50

Time (s): cpu = 00:00:00 ; elapsed = 00:00:00.082 . Memory (MB): peak = 930.965 ; gain = 0.000
Implement Debug Cores | Checksum: 7f4fdbd9
Logic Optimization | Checksum: 7f4fdbd9

Starting Power Optimization Task
INFO: [Pwropt 34-132] Skipping clock gating for clocks with a period < 3.13 ns.
Ending Power Optimization Task | Checksum: 184350e50

Time (s): cpu = 00:00:00 ; elapsed = 00:00:00.029 . Memory (MB): peak = 930.965 ; gain = 0.000
INFO: [Common 17-83] Releasing license: Implementation
21 Infos, 0 Warnings, 11 Critical Warnings and 0 Errors encountered.
opt_design completed successfully
opt_design: Time (s): cpu = 00:00:20 ; elapsed = 00:00:22 . Memory (MB): peak = 930.965 ; gain = 457.957
Writing placer database...
Writing XDEF routing.
Writing XDEF routing logical nets.
Writing XDEF routing special nets.
Write XDEF Complete: Time (s): cpu = 00:00:01 ; elapsed = 00:00:00.088 . Memory (MB): peak = 930.965 ; gain = 0.000
INFO: [DRC 23-27] Running DRC with 2 threads
INFO: [Coretcl 2-168] The results of DRC are in file C:/Users/Administor/Desktop/Logical/M2-1/M2-1.runs/impl_1/Counter_drc_opted.rpt.
INFO: [#UNDEF] Cannot write hardware definition file as there are no IPI block design hardware handoff files present
Command: place_design
Attempting to get a license for feature 'Implementation' and/or device 'xc7a100t'
INFO: [Common 17-349] Got license for feature 'Implementation' and/or device 'xc7a100t'
INFO: [DRC 23-27] Running DRC with 2 threads
INFO: [Vivado_Tcl 4-198] DRC finished with 0 Errors
INFO: [Vivado_Tcl 4-199] Please refer to the DRC report (report_drc) for more information.
Running DRC as a precondition to command place_design
INFO: [DRC 23-27] Running DRC with 2 threads
INFO: [Vivado_Tcl 4-198] DRC finished with 0 Errors
INFO: [Vivado_Tcl 4-199] Please refer to the DRC report (report_drc) for more information.

Starting Placer Task
INFO: [Place 30-611] Multithreading enabled for place_design using a maximum of 2 CPUs

Phase 1 Placer Runtime Estimator
Phase 1 Placer Runtime Estimator | Checksum: 100373049

Time (s): cpu = 00:00:00 ; elapsed = 00:00:00.082 . Memory (MB): peak = 930.965 ; gain = 0.000

Phase 2 Placer Initialization
Netlist sorting complete. Time (s): cpu = 00:00:00 ; elapsed = 00:00:00 . Memory (MB): peak = 930.965 ; gain = 0.000
Netlist sorting complete. Time (s): cpu = 00:00:00 ; elapsed = 00:00:00 . Memory (MB): peak = 930.965 ; gain = 0.000

Phase 2.1 IO Placement/ Clock Placement/ Build Placer Device

Phase 2.1.1 Pre-Place Cells
Phase 2.1.1 Pre-Place Cells | Checksum: 1c95d2a3

Time (s): cpu = 00:00:00 ; elapsed = 00:00:00.148 . Memory (MB): peak = 930.965 ; gain = 0.000
INFO: [Timing 38-35] Done setting XDC timing constraints.

Phase 2.1.2 IO & Clk Clean Up
Phase 2.1.2 IO & Clk Clean Up | Checksum: 1c95d2a3

Time (s): cpu = 00:00:02 ; elapsed = 00:00:02 . Memory (MB): peak = 932.074 ; gain = 1.109

Phase 2.1.3 Implementation Feasibility check On IDelay
Phase 2.1.3 Implementation Feasibility check On IDelay | Checksum: 1c95d2a3

Time (s): cpu = 00:00:02 ; elapsed = 00:00:02 . Memory (MB): peak = 932.074 ; gain = 1.109

Phase 2.1.4 Commit IO Placement
Phase 2.1.4 Commit IO Placement | Checksum: 769b97fa

Time (s): cpu = 00:00:02 ; elapsed = 00:00:02 . Memory (MB): peak = 932.074 ; gain = 1.109
Phase 2.1 IO Placement/ Clock Placement/ Build Placer Device | Checksum: 132fd973c

Time (s): cpu = 00:00:02 ; elapsed = 00:00:02 . Memory (MB): peak = 932.074 ; gain = 1.109

Phase 2.2 Build Placer Netlist Model

Phase 2.2.1 Place Init Design
Phase 2.2.1 Place Init Design | Checksum: 20e2305c4

Time (s): cpu = 00:00:02 ; elapsed = 00:00:02 . Memory (MB): peak = 932.074 ; gain = 1.109
Phase 2.2 Build Placer Netlist Model | Checksum: 20e2305c4

Time (s): cpu = 00:00:02 ; elapsed = 00:00:02 . Memory (MB): peak = 932.074 ; gain = 1.109

Phase 2.3 Constrain Clocks/Macros
Phase 2.3 Constrain Clocks/Macros | Checksum: 20e2305c4

Time (s): cpu = 00:00:02 ; elapsed = 00:00:02 . Memory (MB): peak = 932.074 ; gain = 1.109
Phase 2 Placer Initialization | Checksum: 20e2305c4

Time (s): cpu = 00:00:02 ; elapsed = 00:00:02 . Memory (MB): peak = 932.074 ; gain = 1.109

Phase 3 Final Placement Cleanup
Phase 3 Final Placement Cleanup | Checksum: 20e2305c4

Time (s): cpu = 00:00:02 ; elapsed = 00:00:02 . Memory (MB): peak = 932.074 ; gain = 1.109
INFO: [Place 30-281] No place-able instance is found; design doesn't contain any instance or all instances are placed
Ending Placer Task | Checksum: 132fd973c

Time (s): cpu = 00:00:02 ; elapsed = 00:00:02 . Memory (MB): peak = 932.074 ; gain = 1.109
INFO: [Common 17-83] Releasing license: Implementation
35 Infos, 0 Warnings, 11 Critical Warnings and 0 Errors encountered.
place_design completed successfully
Writing placer database...
Writing XDEF routing.
Writing XDEF routing logical nets.
Writing XDEF routing special nets.
Write XDEF Complete: Time (s): cpu = 00:00:00 ; elapsed = 00:00:00.070 . Memory (MB): peak = 932.074 ; gain = 0.000
report_io: Time (s): cpu = 00:00:00 ; elapsed = 00:00:00.097 . Memory (MB): peak = 932.074 ; gain = 0.000
report_utilization: Time (s): cpu = 00:00:00 ; elapsed = 00:00:00.128 . Memory (MB): peak = 932.074 ; gain = 0.000
report_control_sets: Time (s): cpu = 00:00:00 ; elapsed = 00:00:00.010 . Memory (MB): peak = 932.074 ; gain = 0.000
Command: route_design
Attempting to get a license for feature 'Implementation' and/or device 'xc7a100t'
INFO: [Common 17-349] Got license for feature 'Implementation' and/or device 'xc7a100t'
Running DRC as a precondition to command route_design
INFO: [DRC 23-27] Running DRC with 2 threads
INFO: [Vivado_Tcl 4-198] DRC finished with 0 Errors
INFO: [Vivado_Tcl 4-199] Please refer to the DRC report (report_drc) for more information.


Starting Routing Task
INFO: [Route 35-254] Multithreading enabled for route_design using a maximum of 2 CPUs

Phase 1 Build RT Design
Phase 1 Build RT Design | Checksum: 1130fcf8d

Time (s): cpu = 00:01:28 ; elapsed = 00:01:22 . Memory (MB): peak = 1066.355 ; gain = 134.281

Phase 2 Router Initialization
INFO: [Route 35-64] No timing constraints were detected. The router will operate in resource-optimization mode.

Phase 2.1 Pre Route Cleanup
Phase 2.1 Pre Route Cleanup | Checksum: 1130fcf8d

Time (s): cpu = 00:01:28 ; elapsed = 00:01:22 . Memory (MB): peak = 1071.305 ; gain = 139.230
 Number of Nodes with overlaps = 0
Phase 2 Router Initialization | Checksum: 1b01fa460

Time (s): cpu = 00:01:28 ; elapsed = 00:01:22 . Memory (MB): peak = 1074.199 ; gain = 142.125

Phase 3 Initial Routing
 Number of Nodes with overlaps = 0
Phase 3 Initial Routing | Checksum: 1b01fa460

Time (s): cpu = 00:01:28 ; elapsed = 00:01:23 . Memory (MB): peak = 1074.199 ; gain = 142.125

Phase 4 Rip-up And Reroute

Phase 4.1 Global Iteration 0
Phase 4.1 Global Iteration 0 | Checksum: 1b01fa460

Time (s): cpu = 00:01:28 ; elapsed = 00:01:23 . Memory (MB): peak = 1074.199 ; gain = 142.125

Phase 4.2 Global Iteration 1
Phase 4.2 Global Iteration 1 | Checksum: 1b01fa460

Time (s): cpu = 00:01:28 ; elapsed = 00:01:23 . Memory (MB): peak = 1074.199 ; gain = 142.125

Phase 4.3 Global Iteration 2
Phase 4.3 Global Iteration 2 | Checksum: 1b01fa460

Time (s): cpu = 00:01:28 ; elapsed = 00:01:23 . Memory (MB): peak = 1074.199 ; gain = 142.125

Phase 4.4 Global Iteration 3
Phase 4.4 Global Iteration 3 | Checksum: 1b01fa460

Time (s): cpu = 00:01:28 ; elapsed = 00:01:23 . Memory (MB): peak = 1074.199 ; gain = 142.125

Phase 4.5 Global Iteration 4
Phase 4.5 Global Iteration 4 | Checksum: 1b01fa460

Time (s): cpu = 00:01:28 ; elapsed = 00:01:23 . Memory (MB): peak = 1074.199 ; gain = 142.125
Phase 4 Rip-up And Reroute | Checksum: 1b01fa460

Time (s): cpu = 00:01:28 ; elapsed = 00:01:23 . Memory (MB): peak = 1074.199 ; gain = 142.125

Phase 5 Delay and Skew Optimization
Phase 5 Delay and Skew Optimization | Checksum: 1b01fa460

Time (s): cpu = 00:01:28 ; elapsed = 00:01:23 . Memory (MB): peak = 1074.199 ; gain = 142.125

Phase 6 Post Hold Fix
Phase 6 Post Hold Fix | Checksum: 1b01fa460

Time (s): cpu = 00:01:28 ; elapsed = 00:01:23 . Memory (MB): peak = 1074.199 ; gain = 142.125

Phase 7 Route finalize

Router Utilization Summary
  Global Vertical Routing Utilization    = 0 %
  Global Horizontal Routing Utilization  = 0 %
  Routable Net Status*
  *Does not include unroutable nets such as driverless and loadless.
  Run report_route_status for detailed report.
  Number of Failed Nets               = 0
  Number of Unrouted Nets             = 0
  Number of Partially Routed Nets     = 0
  Number of Node Overlaps             = 0

Congestion Report
North Dir 1x1 Area, Max Cong = 0%, No Congested Regions.
South Dir 1x1 Area, Max Cong = 0%, No Congested Regions.
East Dir 1x1 Area, Max Cong = 0%, No Congested Regions.
West Dir 1x1 Area, Max Cong = 0%, No Congested Regions.
Phase 7 Route finalize | Checksum: 1b01fa460

Time (s): cpu = 00:01:28 ; elapsed = 00:01:23 . Memory (MB): peak = 1074.199 ; gain = 142.125

Phase 8 Verifying routed nets

 Verification completed successfully
Phase 8 Verifying routed nets | Checksum: 1b01fa460

Time (s): cpu = 00:01:28 ; elapsed = 00:01:23 . Memory (MB): peak = 1075.078 ; gain = 143.004

Phase 9 Depositing Routes
Phase 9 Depositing Routes | Checksum: 1b01fa460

Time (s): cpu = 00:01:28 ; elapsed = 00:01:23 . Memory (MB): peak = 1075.078 ; gain = 143.004
INFO: [Route 35-16] Router Completed Successfully

Time (s): cpu = 00:01:28 ; elapsed = 00:01:23 . Memory (MB): peak = 1075.078 ; gain = 143.004

Routing Is Done.
INFO: [Common 17-83] Releasing license: Implementation
43 Infos, 0 Warnings, 11 Critical Warnings and 0 Errors encountered.
route_design completed successfully
route_design: Time (s): cpu = 00:01:30 ; elapsed = 00:01:24 . Memory (MB): peak = 1075.078 ; gain = 143.004
Writing placer database...
Writing XDEF routing.
Writing XDEF routing logical nets.
Writing XDEF routing special nets.
Write XDEF Complete: Time (s): cpu = 00:00:00 ; elapsed = 00:00:00.071 . Memory (MB): peak = 1075.078 ; gain = 0.000
INFO: [DRC 23-27] Running DRC with 2 threads
INFO: [Coretcl 2-168] The results of DRC are in file C:/Users/Administor/Desktop/Logical/M2-1/M2-1.runs/impl_1/Counter_drc_routed.rpt.
INFO: [Timing 38-91] UpdateTimingParams: Speed grade: -1, Delay Type: min_max.
INFO: [Timing 38-191] Multithreading enabled for timing update using a maximum of 2 CPUs
WARNING: [Timing 38-313] There are no user specified timing constraints. Timing constraints are needed for proper timing analysis.
WARNING: [Power 33-232] No user defined clocks were found in the design!
Resolution: Please specify clocks using create_clock/create_generated_clock for sequential elements. For pure combinatorial circuits, please specify a virtual clock, otherwise the vectorless estimation might be inaccurate
Running Vector-less Activity Propagation...

Finished Running Vector-less Activity Propagation
INFO: [Common 17-206] Exiting Vivado at Fri Jun 08 16:53:01 2018...
